Content-Type: text/plain; charset="utf-8"
MIME-Version: 1.0
Content-Transfer-Encoding: 8bit
Subject: Password reset on 127.0.0.1:8000
From: webmaster@localhost
To: hamid.allt2020@gmail.com
Date: Tue, 29 Nov 2022 10:02:28 -0000
Message-ID: <166971614843.13472.6477017547003489405@DESKTOP-GHQEPTD>


You're receiving this email because you requested a password reset for your user account at 127.0.0.1:8000.

Please go to the following page and choose a new password:

http://127.0.0.1:8000/reset/Mg/bfndc4-8e0cd051ddc670a09dbdb05943366e97/

Your username, in case you’ve forgotten: hamidehsani1

Thanks for using our site!

The 127.0.0.1:8000 team



-------------------------------------------------------------------------------
Content-Type: text/plain; charset="utf-8"
MIME-Version: 1.0
Content-Transfer-Encoding: 8bit
Subject: Password reset on 127.0.0.1:8000
From: webmaster@localhost
To: hamid.allt2020@gmail.com
Date: Tue, 29 Nov 2022 10:02:28 -0000
Message-ID: <166971614844.13472.11249181976812763121@DESKTOP-GHQEPTD>


You're receiving this email because you requested a password reset for your user account at 127.0.0.1:8000.

Please go to the following page and choose a new password:

http://127.0.0.1:8000/reset/NA/bfndc4-bb65cfd67353b6385ef121cb343a049b/

Your username, in case you’ve forgotten: hamid

Thanks for using our site!

The 127.0.0.1:8000 team



-------------------------------------------------------------------------------
Content-Type: text/plain; charset="utf-8"
MIME-Version: 1.0
Content-Transfer-Encoding: 8bit
Subject: Password reset on 127.0.0.1:8000
From: webmaster@localhost
To: hamid.allt2020@gmail.com
Date: Tue, 29 Nov 2022 10:02:28 -0000
Message-ID: <166971614844.13472.4620873518241691105@DESKTOP-GHQEPTD>


You're receiving this email because you requested a password reset for your user account at 127.0.0.1:8000.

Please go to the following page and choose a new password:

http://127.0.0.1:8000/reset/OA/bfndc4-e8808b76bdb8e45033c8b08a449fce2b/

Your username, in case you’ve forgotten: hamid5555

Thanks for using our site!

The 127.0.0.1:8000 team



-------------------------------------------------------------------------------
Content-Type: text/plain; charset="utf-8"
MIME-Version: 1.0
Content-Transfer-Encoding: 8bit
Subject: Password reset on 127.0.0.1:8000
From: webmaster@localhost
To: hamid.allt2020@gmail.com
Date: Tue, 29 Nov 2022 10:02:28 -0000
Message-ID: <166971614844.13472.3412927307228766498@DESKTOP-GHQEPTD>


You're receiving this email because you requested a password reset for your user account at 127.0.0.1:8000.

Please go to the following page and choose a new password:

http://127.0.0.1:8000/reset/OQ/bfndc4-cc8c58dceb0ff9b02acefbe37e38f46e/

Your username, in case you’ve forgotten: hamid00

Thanks for using our site!

The 127.0.0.1:8000 team



-------------------------------------------------------------------------------
Content-Type: text/plain; charset="utf-8"
MIME-Version: 1.0
Content-Transfer-Encoding: 8bit
Subject: Password reset on 127.0.0.1:8000
From: webmaster@localhost
To: hamid.allt2020@gmail.com
Date: Tue, 29 Nov 2022 10:02:28 -0000
Message-ID: <166971614844.13472.16148381529113694624@DESKTOP-GHQEPTD>


You're receiving this email because you requested a password reset for your user account at 127.0.0.1:8000.

Please go to the following page and choose a new password:

http://127.0.0.1:8000/reset/MTM/bfndc4-346f9b35b43a52916f4247bef4caea71/

Your username, in case you’ve forgotten: admin

Thanks for using our site!

The 127.0.0.1:8000 team



-------------------------------------------------------------------------------
