Content-Type: text/plain; charset="utf-8"
MIME-Version: 1.0
Content-Transfer-Encoding: 8bit
Subject: Password reset on 127.0.0.1:8000
From: webmaster@localhost
To: hamid.allt2020@gmail.com
Date: Tue, 29 Nov 2022 09:59:46 -0000
Message-ID: <166971598638.7616.2618368186327673119@DESKTOP-GHQEPTD>


You're receiving this email because you requested a password reset for your user account at 127.0.0.1:8000.

Please go to the following page and choose a new password:

http://127.0.0.1:8000/reset/MQ/bfnd7m-b450e5d0f04e9bb5b34250a848c2265b/

Your username, in case you’ve forgotten: hamidehsani

Thanks for using our site!

The 127.0.0.1:8000 team



-------------------------------------------------------------------------------
Content-Type: text/plain; charset="utf-8"
MIME-Version: 1.0
Content-Transfer-Encoding: 8bit
Subject: Password reset on 127.0.0.1:8000
From: webmaster@localhost
To: hamid.allt2020@gmail.com
Date: Tue, 29 Nov 2022 09:59:46 -0000
Message-ID: <166971598638.7616.9172794423597923030@DESKTOP-GHQEPTD>


You're receiving this email because you requested a password reset for your user account at 127.0.0.1:8000.

Please go to the following page and choose a new password:

http://127.0.0.1:8000/reset/NA/bfnd7m-2ec6e62adfa383934cbebdcf4f7891f6/

Your username, in case you’ve forgotten: hamid

Thanks for using our site!

The 127.0.0.1:8000 team



-------------------------------------------------------------------------------
Content-Type: text/plain; charset="utf-8"
MIME-Version: 1.0
Content-Transfer-Encoding: 8bit
Subject: Password reset on 127.0.0.1:8000
From: webmaster@localhost
To: hamid.allt2020@gmail.com
Date: Tue, 29 Nov 2022 09:59:46 -0000
Message-ID: <166971598638.7616.3477162688093924202@DESKTOP-GHQEPTD>


You're receiving this email because you requested a password reset for your user account at 127.0.0.1:8000.

Please go to the following page and choose a new password:

http://127.0.0.1:8000/reset/OQ/bfnd7m-e71f27a9b54579d4ee5d494de00455ed/

Your username, in case you’ve forgotten: hamid00

Thanks for using our site!

The 127.0.0.1:8000 team



-------------------------------------------------------------------------------
Content-Type: text/plain; charset="utf-8"
MIME-Version: 1.0
Content-Transfer-Encoding: 8bit
Subject: Password reset on 127.0.0.1:8000
From: webmaster@localhost
To: hamid.allt2020@gmail.com
Date: Tue, 29 Nov 2022 09:59:46 -0000
Message-ID: <166971598638.7616.1130257005665434030@DESKTOP-GHQEPTD>


You're receiving this email because you requested a password reset for your user account at 127.0.0.1:8000.

Please go to the following page and choose a new password:

http://127.0.0.1:8000/reset/MTA/bfnd7m-8dc0fe84b23d295300851a90b882b823/

Your username, in case you’ve forgotten: hamid99

Thanks for using our site!

The 127.0.0.1:8000 team



-------------------------------------------------------------------------------
Content-Type: text/plain; charset="utf-8"
MIME-Version: 1.0
Content-Transfer-Encoding: 8bit
Subject: Password reset on 127.0.0.1:8000
From: webmaster@localhost
To: hamid.allt2020@gmail.com
Date: Tue, 29 Nov 2022 09:59:46 -0000
Message-ID: <166971598638.7616.1164668387007619920@DESKTOP-GHQEPTD>


You're receiving this email because you requested a password reset for your user account at 127.0.0.1:8000.

Please go to the following page and choose a new password:

http://127.0.0.1:8000/reset/MTE/bfnd7m-09b0bff1f8f0b0a400f569ed8dac4687/

Your username, in case you’ve forgotten: hamid12

Thanks for using our site!

The 127.0.0.1:8000 team



-------------------------------------------------------------------------------
Content-Type: text/plain; charset="utf-8"
MIME-Version: 1.0
Content-Transfer-Encoding: 8bit
Subject: Password reset on 127.0.0.1:8000
From: webmaster@localhost
To: hamid.allt2020@gmail.com
Date: Tue, 29 Nov 2022 09:59:46 -0000
Message-ID: <166971598638.7616.8008355326175655911@DESKTOP-GHQEPTD>


You're receiving this email because you requested a password reset for your user account at 127.0.0.1:8000.

Please go to the following page and choose a new password:

http://127.0.0.1:8000/reset/MTM/bfnd7m-9e16d7fcdba1316fafd3954c5f207cb1/

Your username, in case you’ve forgotten: admin

Thanks for using our site!

The 127.0.0.1:8000 team



-------------------------------------------------------------------------------
