Content-Type: text/plain; charset="utf-8"
MIME-Version: 1.0
Content-Transfer-Encoding: 8bit
Subject: Password reset on 127.0.0.1:8000
From: webmaster@localhost
To: hamid.allt2020@gmail.com
Date: Tue, 29 Nov 2022 10:01:33 -0000
Message-ID: <166971609344.6704.4206915323982185626@DESKTOP-GHQEPTD>


You're receiving this email because you requested a password reset for your user account at 127.0.0.1:8000.

Please go to the following page and choose a new password:

http://127.0.0.1:8000/reset/Mg/bfndal-8640acfffa591256098105c5ccc15dcc/

Your username, in case you’ve forgotten: hamidehsani1

Thanks for using our site!

The 127.0.0.1:8000 team



-------------------------------------------------------------------------------
Content-Type: text/plain; charset="utf-8"
MIME-Version: 1.0
Content-Transfer-Encoding: 8bit
Subject: Password reset on 127.0.0.1:8000
From: webmaster@localhost
To: hamid.allt2020@gmail.com
Date: Tue, 29 Nov 2022 10:01:33 -0000
Message-ID: <166971609345.6704.273160901550630272@DESKTOP-GHQEPTD>


You're receiving this email because you requested a password reset for your user account at 127.0.0.1:8000.

Please go to the following page and choose a new password:

http://127.0.0.1:8000/reset/NA/bfndal-bc29d1cd0e0fb884b26b312476ac3de5/

Your username, in case you’ve forgotten: hamid

Thanks for using our site!

The 127.0.0.1:8000 team



-------------------------------------------------------------------------------
Content-Type: text/plain; charset="utf-8"
MIME-Version: 1.0
Content-Transfer-Encoding: 8bit
Subject: Password reset on 127.0.0.1:8000
From: webmaster@localhost
To: hamid.allt2020@gmail.com
Date: Tue, 29 Nov 2022 10:01:33 -0000
Message-ID: <166971609345.6704.18435160786431271020@DESKTOP-GHQEPTD>


You're receiving this email because you requested a password reset for your user account at 127.0.0.1:8000.

Please go to the following page and choose a new password:

http://127.0.0.1:8000/reset/OA/bfndal-4e935f496dccc8091178eba8f5e23510/

Your username, in case you’ve forgotten: hamid5555

Thanks for using our site!

The 127.0.0.1:8000 team



-------------------------------------------------------------------------------
Content-Type: text/plain; charset="utf-8"
MIME-Version: 1.0
Content-Transfer-Encoding: 8bit
Subject: Password reset on 127.0.0.1:8000
From: webmaster@localhost
To: hamid.allt2020@gmail.com
Date: Tue, 29 Nov 2022 10:01:33 -0000
Message-ID: <166971609345.6704.1506798901285815897@DESKTOP-GHQEPTD>


You're receiving this email because you requested a password reset for your user account at 127.0.0.1:8000.

Please go to the following page and choose a new password:

http://127.0.0.1:8000/reset/OQ/bfndal-1b1732ef39bd9ddbae380a655e3460b3/

Your username, in case you’ve forgotten: hamid00

Thanks for using our site!

The 127.0.0.1:8000 team



-------------------------------------------------------------------------------
Content-Type: text/plain; charset="utf-8"
MIME-Version: 1.0
Content-Transfer-Encoding: 8bit
Subject: Password reset on 127.0.0.1:8000
From: webmaster@localhost
To: hamid.allt2020@gmail.com
Date: Tue, 29 Nov 2022 10:01:33 -0000
Message-ID: <166971609345.6704.13104926356570850256@DESKTOP-GHQEPTD>


You're receiving this email because you requested a password reset for your user account at 127.0.0.1:8000.

Please go to the following page and choose a new password:

http://127.0.0.1:8000/reset/MTE/bfndal-8ede88ecda1a6e60b37af7742a406095/

Your username, in case you’ve forgotten: hamid12

Thanks for using our site!

The 127.0.0.1:8000 team



-------------------------------------------------------------------------------
