Content-Type: text/plain; charset="utf-8"
MIME-Version: 1.0
Content-Transfer-Encoding: 8bit
Subject: Password reset on 127.0.0.1:8000
From: webmaster@localhost
To: hamid.allt2020@gmail.com
Date: Tue, 29 Nov 2022 09:58:08 -0000
Message-ID: <166971588832.7616.16068862595013886423@DESKTOP-GHQEPTD>


You're receiving this email because you requested a password reset for your user account at 127.0.0.1:8000.

Please go to the following page and choose a new password:

http://127.0.0.1:8000/reset/Mg/bfnd4w-e16220998c64ff273f9256af5d48613e/

Your username, in case you’ve forgotten: hamidehsani1

Thanks for using our site!

The 127.0.0.1:8000 team



-------------------------------------------------------------------------------
Content-Type: text/plain; charset="utf-8"
MIME-Version: 1.0
Content-Transfer-Encoding: 8bit
Subject: Password reset on 127.0.0.1:8000
From: webmaster@localhost
To: hamid.allt2020@gmail.com
Date: Tue, 29 Nov 2022 09:58:08 -0000
Message-ID: <166971588832.7616.9005040584200331333@DESKTOP-GHQEPTD>


You're receiving this email because you requested a password reset for your user account at 127.0.0.1:8000.

Please go to the following page and choose a new password:

http://127.0.0.1:8000/reset/NA/bfnd4w-aa8a1e9cc6f81544aec8888bbf76aaa1/

Your username, in case you’ve forgotten: hamid

Thanks for using our site!

The 127.0.0.1:8000 team



-------------------------------------------------------------------------------
Content-Type: text/plain; charset="utf-8"
MIME-Version: 1.0
Content-Transfer-Encoding: 8bit
Subject: Password reset on 127.0.0.1:8000
From: webmaster@localhost
To: hamid.allt2020@gmail.com
Date: Tue, 29 Nov 2022 09:58:08 -0000
Message-ID: <166971588832.7616.2870417814456660884@DESKTOP-GHQEPTD>


You're receiving this email because you requested a password reset for your user account at 127.0.0.1:8000.

Please go to the following page and choose a new password:

http://127.0.0.1:8000/reset/OA/bfnd4w-ef1669f2f448df041e0fb33a2c32f8a7/

Your username, in case you’ve forgotten: hamid5555

Thanks for using our site!

The 127.0.0.1:8000 team



-------------------------------------------------------------------------------
Content-Type: text/plain; charset="utf-8"
MIME-Version: 1.0
Content-Transfer-Encoding: 8bit
Subject: Password reset on 127.0.0.1:8000
From: webmaster@localhost
To: hamid.allt2020@gmail.com
Date: Tue, 29 Nov 2022 09:58:08 -0000
Message-ID: <166971588832.7616.9857591137303304127@DESKTOP-GHQEPTD>


You're receiving this email because you requested a password reset for your user account at 127.0.0.1:8000.

Please go to the following page and choose a new password:

http://127.0.0.1:8000/reset/OQ/bfnd4w-3711991607651deb8b1b32dc0a4c6418/

Your username, in case you’ve forgotten: hamid00

Thanks for using our site!

The 127.0.0.1:8000 team



-------------------------------------------------------------------------------
Content-Type: text/plain; charset="utf-8"
MIME-Version: 1.0
Content-Transfer-Encoding: 8bit
Subject: Password reset on 127.0.0.1:8000
From: webmaster@localhost
To: hamid.allt2020@gmail.com
Date: Tue, 29 Nov 2022 09:58:08 -0000
Message-ID: <166971588833.7616.4006663094899723753@DESKTOP-GHQEPTD>


You're receiving this email because you requested a password reset for your user account at 127.0.0.1:8000.

Please go to the following page and choose a new password:

http://127.0.0.1:8000/reset/MTM/bfnd4w-92210cdeb64e3c7ea17793006bd905be/

Your username, in case you’ve forgotten: admin

Thanks for using our site!

The 127.0.0.1:8000 team



-------------------------------------------------------------------------------
