Content-Type: text/plain; charset="utf-8"
MIME-Version: 1.0
Content-Transfer-Encoding: 8bit
Subject: Password reset on 127.0.0.1:8000
From: webmaster@localhost
To: hamid.allt2020@gmail.com
Date: Wed, 07 Dec 2022 11:12:54 -0000
Message-ID: <167041157446.18500.13289396630559291541@DESKTOP-GHQEPTD>


You're receiving this email because you requested a password reset for your user account at 127.0.0.1:8000.

Please go to the following page and choose a new password:

http://127.0.0.1:8000/reset/MTE/bg29xi-b09f340b3e19d38e81971f2235ab91d0/

Your username, in case you’ve forgotten: hamid12

Thanks for using our site!

The 127.0.0.1:8000 team



-------------------------------------------------------------------------------
Content-Type: text/plain; charset="utf-8"
MIME-Version: 1.0
Content-Transfer-Encoding: 8bit
Subject: Password reset on 127.0.0.1:8000
From: webmaster@localhost
To: hamid.allt2020@gmail.com
Date: Wed, 07 Dec 2022 11:12:54 -0000
Message-ID: <167041157446.18500.16559791717035119392@DESKTOP-GHQEPTD>


You're receiving this email because you requested a password reset for your user account at 127.0.0.1:8000.

Please go to the following page and choose a new password:

http://127.0.0.1:8000/reset/MTM/bg29xi-f7c1f3ade665e6215ab34e3b712166d1/

Your username, in case you’ve forgotten: admin

Thanks for using our site!

The 127.0.0.1:8000 team



-------------------------------------------------------------------------------
